<?xml version="1.0" encoding="UTF-8"?>
<!-- Generated by org.testng.reporters.JUnitXMLReporter -->
<testsuite hostname="vikram3665-01" ignored="0" name="Test" tests="3" failures="0" timestamp="22 Jul 2020 19:47:01 GMT" time="44.776" errors="0">
  <testcase name="WeatherApi" time="4.085" classname="WeatherPackage.WeatherProj.OpenWeatherApi"/>
  <testcase name="driver" time="5.771" classname="WeatherPackage.WeatherProj.Ndtv"/>
  <testcase name="homepage" time="34.864" classname="WeatherPackage.WeatherProj.Ndtv"/>
</testsuite> <!-- Test -->
