<?xml version="1.0" encoding="UTF-8"?>
<!-- Generated by org.testng.reporters.JUnitXMLReporter -->
<testsuite hostname="vikram3665-01" ignored="0" name="Test1" tests="3" failures="0" timestamp="26 Jul 2020 20:01:45 GMT" time="37.758" errors="0">
  <testcase name="driver" time="6.114" classname="WeatherPackage.WeatherProj.Ndtv"/>
  <testcase name="homepage" time="26.787" classname="WeatherPackage.WeatherProj.Ndtv"/>
  <testcase name="compare" time="4.12" classname="WeatherPackage.WeatherProj.TempHumidCompare"/>
</testsuite> <!-- Test1 -->
