<?xml version="1.0" encoding="UTF-8"?>
<!-- Generated by org.testng.reporters.JUnitXMLReporter -->
<testsuite hostname="vikram3665-01" ignored="0" name="Test1" tests="3" failures="0" timestamp="17 Nov 2020 20:21:47 GMT" time="30.453" errors="0">
  <testcase name="driver" time="6.644" classname="WebFE.WebFEAuto.Laptop"/>
  <testcase name="homepage" time="22.998" classname="WebFE.WebFEAuto.Laptop"/>
  <testcase name="compare" time="0.002" classname="WebFE.WebFEAuto.Laptop"/>
</testsuite> <!-- Test1 -->
