<?xml version="1.0" encoding="UTF-8"?>
<testsuite xmlns:xsi="http://www.w3.org/2001/XMLSchema-instance" xsi:noNamespaceSchemaLocation="https://maven.apache.org/surefire/maven-surefire-plugin/xsd/surefire-test-report-3.0.xsd" version="3.0" name="TestSuite" time="32.548" tests="3" errors="0" skipped="0" failures="0">
  <properties>
[...]
</properties>
  <testcase name="driver" classname="WebFE.WebFEAuto.Laptop" time="6.683">
    <system-err><![CDATA[Starting ChromeDriver 2.44.609538 (b655c5a60b0b544917107a59d4153d4bf78e1b90) on port 26235
Only local connections are allowed.
[1605644481.682][WARNING]: Timed out connecting to Chrome, retrying...
Nov 18, 2020 1:51:23 AM org.openqa.selenium.remote.ProtocolHandshake createSession
INFO: Detected dialect: OSS
]]></system-err>
  </testcase>
  <testcase name="homepage" classname="WebFE.WebFEAuto.Laptop" time="22.979">
    <system-err><![CDATA[[1605644487.685][WARNING]: Timed out connecting to Chrome, retrying...
]]></system-err>
  </testcase>
  <testcase name="compare" classname="WebFE.WebFEAuto.Laptop" time="0"/>
</testsuite>