<?xml version="1.0" encoding="UTF-8"?>
<testng-results skipped="0" failed="0" ignored="0" total="3" passed="3">
  <reporter-output>
  </reporter-output>
  <suite name="Suite" duration-ms="30453" started-at="2020-11-17T20:21:17Z" finished-at="2020-11-17T20:21:47Z">
    <groups>
    </groups>
    <test name="Test1" duration-ms="30453" started-at="2020-11-17T20:21:17Z" finished-at="2020-11-17T20:21:47Z">
      <class name="WebFE.WebFEAuto.Laptop">
        <test-method status="PASS" signature="driver()[pri:0, instance:WebFE.WebFEAuto.Laptop@29647f75]" name="driver" duration-ms="6644" started-at="2020-11-17T20:21:17Z" finished-at="2020-11-17T20:21:23Z">
          <reporter-output>
          </reporter-output>
        </test-method> <!-- driver -->
        <test-method status="PASS" signature="homepage()[pri:1, instance:WebFE.WebFEAuto.Laptop@29647f75]" name="homepage" duration-ms="22998" started-at="2020-11-17T20:21:23Z" finished-at="2020-11-17T20:21:46Z">
          <reporter-output>
          </reporter-output>
        </test-method> <!-- homepage -->
        <test-method status="PASS" signature="compare()[pri:2, instance:WebFE.WebFEAuto.Laptop@29647f75]" name="compare" duration-ms="2" started-at="2020-11-17T20:21:46Z" finished-at="2020-11-17T20:21:46Z">
          <reporter-output>
          </reporter-output>
        </test-method> <!-- compare -->
        <test-method status="PASS" signature="closebrowser()[pri:0, instance:WebFE.WebFEAuto.Laptop@29647f75]" name="closebrowser" is-config="true" duration-ms="760" started-at="2020-11-17T20:21:46Z" finished-at="2020-11-17T20:21:47Z">
          <reporter-output>
          </reporter-output>
        </test-method> <!-- closebrowser -->
      </class> <!-- WebFE.WebFEAuto.Laptop -->
    </test> <!-- Test1 -->
  </suite> <!-- Suite -->
</testng-results>
