<?xml version="1.0" encoding="UTF-8"?>
<testng-results skipped="0" failed="0" ignored="0" total="3" passed="3">
  <reporter-output>
  </reporter-output>
  <suite name="Suite" duration-ms="37758" started-at="2020-07-26T20:01:07Z" finished-at="2020-07-26T20:01:45Z">
    <groups>
    </groups>
    <test name="Test1" duration-ms="37758" started-at="2020-07-26T20:01:07Z" finished-at="2020-07-26T20:01:45Z">
      <class name="WeatherPackage.WeatherProj.Ndtv">
        <test-method status="PASS" signature="driver()[pri:0, instance:WeatherPackage.WeatherProj.Ndtv@15aab8c6]" name="driver" duration-ms="6114" started-at="2020-07-26T20:01:07Z" finished-at="2020-07-26T20:01:13Z">
          <reporter-output>
          </reporter-output>
        </test-method> <!-- driver -->
        <test-method status="PASS" signature="homepage()[pri:0, instance:WeatherPackage.WeatherProj.Ndtv@15aab8c6]" name="homepage" duration-ms="26787" started-at="2020-07-26T20:01:13Z" finished-at="2020-07-26T20:01:40Z">
          <reporter-output>
          </reporter-output>
        </test-method> <!-- homepage -->
        <test-method status="PASS" signature="closebrowser()[pri:0, instance:WeatherPackage.WeatherProj.Ndtv@15aab8c6]" name="closebrowser" is-config="true" duration-ms="689" started-at="2020-07-26T20:01:44Z" finished-at="2020-07-26T20:01:45Z">
          <reporter-output>
          </reporter-output>
        </test-method> <!-- closebrowser -->
      </class> <!-- WeatherPackage.WeatherProj.Ndtv -->
      <class name="WeatherPackage.WeatherProj.TempHumidCompare">
        <test-method status="PASS" signature="compare()[pri:0, instance:WeatherPackage.WeatherProj.TempHumidCompare@33990a0c]" name="compare" duration-ms="4120" started-at="2020-07-26T20:01:40Z" finished-at="2020-07-26T20:01:44Z">
          <reporter-output>
          </reporter-output>
        </test-method> <!-- compare -->
      </class> <!-- WeatherPackage.WeatherProj.TempHumidCompare -->
    </test> <!-- Test1 -->
  </suite> <!-- Suite -->
</testng-results>
